2016/01/22 19:04:53 [error] [exception.CDbException] exception 'CDbException' with message 'CDbConnection failed to open the DB connection: SQLSTATE[HY000] [1049] Unknown database 'enegist'' in D:\xampp\htdocs\yii\framework\db\CDbConnection.php:382
Stack trace:
#0 D:\xampp\htdocs\yii\framework\db\CDbConnection.php(330): CDbConnection->open()
#1 D:\xampp\htdocs\yii\framework\db\CDbConnection.php(308): CDbConnection->setActive(true)
#2 D:\xampp\htdocs\yii\framework\base\CModule.php(387): CDbConnection->init()
#3 D:\xampp\htdocs\yii\framework\base\CModule.php(103): CModule->getComponent('db')
#4 D:\xampp\htdocs\yii\framework\gii\generators\model\ModelCode.php(60): CModule->__get('db')
#5 D:\xampp\htdocs\yii\framework\web\CFormModel.php(39): ModelCode->init()
#6 D:\xampp\htdocs\yii\framework\gii\CCodeGenerator.php(153): CFormModel->__construct()
#7 D:\xampp\htdocs\yii\framework\gii\CCodeGenerator.php(63): CCodeGenerator->prepare()
#8 D:\xampp\htdocs\yii\framework\web\actions\CInlineAction.php(49): CCodeGenerator->actionIndex()
#9 D:\xampp\htdocs\yii\framework\web\CController.php(308): CInlineAction->runWithParams(Array)
#10 D:\xampp\htdocs\yii\framework\web\CController.php(286): CController->runAction(Object(CInlineAction))
#11 D:\xampp\htdocs\yii\framework\web\CController.php(265): CController->runActionWithFilters(Object(CInlineAction), Array)
#12 D:\xampp\htdocs\yii\framework\web\CWebApplication.php(282): CController->run('index')
#13 D:\xampp\htdocs\yii\framework\web\CWebApplication.php(141): CWebApplication->runController('gii/model/index')
#14 D:\xampp\htdocs\yii\framework\base\CApplication.php(180): CWebApplication->processRequest()
#15 D:\xampp\htdocs\enegist\index.php(13): CApplication->run()
#16 {main}
REQUEST_URI=/enegist/index.php?r=gii/model/index
HTTP_REFERER=http://localhost/enegist/index.php?r=gii/default/index
---
